<?xml version="1.0" encoding="UTF-8"?>
<testsuite name="Spek" tests="4" skipped="0" failures="0" errors="0" time="0.009" hostname="vladimirrim-osx" timestamp="2019-05-13T12:46:25">
<properties>
[...]
</properties>
<testcase name="it should return the result of adding the first number to the second number" classname="on addition" time="0.003">
<system-out><![CDATA[
unique-id: [engine:spek]/[spec:ru.hse.egorov.CalculatorSpec]/[group:given a calculator]/[group:on addition]/[test:it should return the result of adding the first number to the second number]
display-name: it should return the result of adding the first number to the second number
]]></system-out>
</testcase>
<testcase name="it should return the result of subtracting the second number from the first number" classname="on subtraction" time="0">
<system-out><![CDATA[
unique-id: [engine:spek]/[spec:ru.hse.egorov.CalculatorSpec]/[group:given a calculator]/[group:on subtraction]/[test:it should return the result of subtracting the second number from the first number]
display-name: it should return the result of subtracting the second number from the first number
]]></system-out>
</testcase>
<testcase name="it should return the result of adding the first number to the second number" classname="on addition" time="0">
<system-out><![CDATA[
unique-id: [engine:spek]/[spec:ru.hse.egorov.SimpleSpec]/[group:describe a calculator]/[group:on addition]/[test:it should return the result of adding the first number to the second number]
display-name: it should return the result of adding the first number to the second number
]]></system-out>
</testcase>
<testcase name="it should return the result of subtracting the second number from the first number" classname="on subtraction" time="0">
<system-out><![CDATA[
unique-id: [engine:spek]/[spec:ru.hse.egorov.SimpleSpec]/[group:describe a calculator]/[group:on subtraction]/[test:it should return the result of subtracting the second number from the first number]
display-name: it should return the result of subtracting the second number from the first number
]]></system-out>
</testcase>
<system-out><![CDATA[
unique-id: [engine:spek]
display-name: Spek
]]></system-out>
</testsuite>
